<?xml version="1.0" encoding="UTF-8"?>
<!-- Generated by org.testng.reporters.JUnitXMLReporter -->
<testsuite ignored="0" hostname="DESKTOP-TO5HMTO" failures="0" tests="3" name="Default test" time="6.752" errors="0" timestamp="2024-05-03T16:45:17 EEST">
  <testcase classname="tests.T05_Cart" name="searchByProdName" time="1.304"/>
  <testcase classname="tests.T05_Cart" name="addProdToCart" time="0.602"/>
  <testcase classname="tests.T05_Cart" name="verifyProdAddedToCart" time="0.812"/>
</testsuite> <!-- Default test -->
