<?xml version="1.0" encoding="UTF-8"?>
<!-- Generated by org.testng.reporters.JUnitXMLReporter -->
<testsuite ignored="0" hostname="DESKTOP-TO5HMTO" failures="0" tests="12" name="Regression" time="41.243" errors="0" timestamp="2024-05-03T14:50:18 EEST">
  <testcase classname="tests.T01_Regirstration" name="register" time="3.238"/>
  <testcase classname="tests.T02_Login" name="register" time="4.332"/>
  <testcase classname="tests.T02_Login" name="testLogin" time="1.074"/>
  <testcase classname="tests.T03_Search" name="searchByProdName" time="0.693"/>
  <testcase classname="tests.T03_Search" name="searchByAutoSuggs" time="1.097"/>
  <testcase classname="tests.T04_ChangePassword" name="register" time="2.626"/>
  <testcase classname="tests.T04_ChangePassword" name="login" time="1.263"/>
  <testcase classname="tests.T04_ChangePassword" name="changePass" time="1.189"/>
  <testcase classname="tests.T05_Cart" name="searchByProdName" time="0.742"/>
  <testcase classname="tests.T05_Cart" name="addProdToCart" time="10.369">
    <skipped/>
  </testcase> <!-- addProdToCart -->
  <testcase classname="tests.T05_Cart" name="addProdToCart" time="0.575"/>
  <testcase classname="tests.T05_Cart" name="verifyProdAddedToCart" time="0.909"/>
</testsuite> <!-- Regression -->
