<?xml version="1.0" encoding="UTF-8"?>
<!-- Generated by org.testng.reporters.JUnitXMLReporter -->
<testsuite ignored="0" hostname="DESKTOP-TO5HMTO" failures="0" tests="11" name="Regression" time="40.428" errors="0" timestamp="2024-05-03T18:05:36 EEST">
  <testcase classname="tests.T01_Regirstration" name="register" time="3.267"/>
  <testcase classname="tests.T02_Login" name="register" time="3.153"/>
  <testcase classname="tests.T02_Login" name="testLogin" time="1.338"/>
  <testcase classname="tests.T03_Search" name="searchByProdName" time="1.299"/>
  <testcase classname="tests.T03_Search" name="searchByAutoSuggs" time="1.155"/>
  <testcase classname="tests.T04_ChangePassword" name="register" time="3.003"/>
  <testcase classname="tests.T04_ChangePassword" name="login" time="1.571"/>
  <testcase classname="tests.T04_ChangePassword" name="changePass" time="1.638"/>
  <testcase classname="tests.T05_Cart" name="searchByProdName" time="1.317"/>
  <testcase classname="tests.T05_Cart" name="addProdToCart" time="0.751"/>
  <testcase classname="tests.T05_Cart" name="verifyProdAddedToCart" time="0.993"/>
</testsuite> <!-- Regression -->
