<?xml version="1.0" encoding="UTF-8"?>
<!-- Generated by org.testng.reporters.JUnitXMLReporter -->
<testsuite ignored="0" hostname="DESKTOP-TO5HMTO" failures="0" tests="12" name="Regression" time="33.252" errors="0" timestamp="2024-05-03T16:58:38 EEST">
  <testcase classname="tests.T01_Regirstration" name="register" time="2.592"/>
  <testcase classname="tests.T02_Login" name="register" time="2.78"/>
  <testcase classname="tests.T02_Login" name="testLogin" time="1.162"/>
  <testcase classname="tests.T03_Search" name="searchByProdName" time="0.828"/>
  <testcase classname="tests.T03_Search" name="searchByAutoSuggs" time="1.139">
    <skipped/>
  </testcase> <!-- searchByAutoSuggs -->
  <testcase classname="tests.T03_Search" name="searchByAutoSuggs" time="1.075"/>
  <testcase classname="tests.T04_ChangePassword" name="register" time="3.026"/>
  <testcase classname="tests.T04_ChangePassword" name="login" time="1.065"/>
  <testcase classname="tests.T04_ChangePassword" name="changePass" time="1.186"/>
  <testcase classname="tests.T05_Cart" name="searchByProdName" time="0.726"/>
  <testcase classname="tests.T05_Cart" name="addProdToCart" time="0.605"/>
  <testcase classname="tests.T05_Cart" name="verifyProdAddedToCart" time="0.748"/>
</testsuite> <!-- Regression -->
