<?xml version="1.0" encoding="UTF-8"?>
<testng-results ignored="0" total="11" passed="11" failed="0" skipped="0">
  <reporter-output>
  </reporter-output>
  <suite started-at="2024-05-03T18:04:55 EEST" name="Suite" finished-at="2024-05-03T18:05:36 EEST" duration-ms="40428">
    <groups>
    </groups>
    <test started-at="2024-05-03T18:04:55 EEST" name="Regression" finished-at="2024-05-03T18:05:36 EEST" duration-ms="40428">
      <class name="tests.T05_Cart">
        <test-method is-config="true" signature="setUp()[pri:0, instance:tests.T05_Cart@50d13246]" started-at="2024-05-03T18:05:28 EEST" name="setUp" finished-at="2024-05-03T18:05:33 EEST" duration-ms="4267" status="PASS">
          <reporter-output>
          </reporter-output>
        </test-method> <!-- setUp -->
        <test-method signature="searchByProdName()[pri:1, instance:tests.T05_Cart@50d13246]" started-at="2024-05-03T18:05:33 EEST" name="searchByProdName" finished-at="2024-05-03T18:05:34 EEST" duration-ms="1317" status="PASS">
          <reporter-output>
          </reporter-output>
        </test-method> <!-- searchByProdName -->
        <test-method signature="addProdToCart()[pri:2, instance:tests.T05_Cart@50d13246]" started-at="2024-05-03T18:05:34 EEST" name="addProdToCart" finished-at="2024-05-03T18:05:35 EEST" duration-ms="751" status="PASS">
          <reporter-output>
          </reporter-output>
        </test-method> <!-- addProdToCart -->
        <test-method signature="verifyProdAddedToCart()[pri:3, instance:tests.T05_Cart@50d13246]" started-at="2024-05-03T18:05:35 EEST" name="verifyProdAddedToCart" finished-at="2024-05-03T18:05:36 EEST" duration-ms="993" status="PASS">
          <reporter-output>
          </reporter-output>
        </test-method> <!-- verifyProdAddedToCart -->
        <test-method is-config="true" signature="tearDown()[pri:0, instance:tests.T05_Cart@50d13246]" started-at="2024-05-03T18:05:36 EEST" name="tearDown" finished-at="2024-05-03T18:05:36 EEST" duration-ms="226" status="PASS">
          <reporter-output>
          </reporter-output>
        </test-method> <!-- tearDown -->
      </class> <!-- tests.T05_Cart -->
      <class name="tests.T03_Search">
        <test-method is-config="true" signature="setUp()[pri:0, instance:tests.T03_Search@3f9342d4]" started-at="2024-05-03T18:05:13 EEST" name="setUp" finished-at="2024-05-03T18:05:16 EEST" duration-ms="3084" status="PASS">
          <reporter-output>
          </reporter-output>
        </test-method> <!-- setUp -->
        <test-method signature="searchByProdName()[pri:1, instance:tests.T03_Search@3f9342d4]" started-at="2024-05-03T18:05:16 EEST" name="searchByProdName" finished-at="2024-05-03T18:05:18 EEST" duration-ms="1299" status="PASS">
          <reporter-output>
          </reporter-output>
        </test-method> <!-- searchByProdName -->
        <test-method signature="searchByAutoSuggs()[pri:2, instance:tests.T03_Search@3f9342d4]" started-at="2024-05-03T18:05:18 EEST" name="searchByAutoSuggs" finished-at="2024-05-03T18:05:19 EEST" duration-ms="1155" status="PASS">
          <reporter-output>
          </reporter-output>
        </test-method> <!-- searchByAutoSuggs -->
        <test-method is-config="true" signature="tearDown()[pri:0, instance:tests.T03_Search@3f9342d4]" started-at="2024-05-03T18:05:19 EEST" name="tearDown" finished-at="2024-05-03T18:05:19 EEST" duration-ms="151" status="PASS">
          <reporter-output>
          </reporter-output>
        </test-method> <!-- tearDown -->
      </class> <!-- tests.T03_Search -->
      <class name="tests.T04_ChangePassword">
        <test-method is-config="true" signature="setUp()[pri:0, instance:tests.T04_ChangePassword@ab7395e]" started-at="2024-05-03T18:05:19 EEST" name="setUp" finished-at="2024-05-03T18:05:22 EEST" duration-ms="2937" status="PASS">
          <reporter-output>
          </reporter-output>
        </test-method> <!-- setUp -->
        <test-method signature="register(java.util.HashMap)[pri:1, instance:tests.T04_ChangePassword@ab7395e]" started-at="2024-05-03T18:05:22 EEST" name="register" data-provider="getData" finished-at="2024-05-03T18:05:25 EEST" duration-ms="3003" status="PASS">
          <params>
            <param index="0">
              <value>
                <![CDATA[{password=H!Uha2k84XByJA, fName=farid, month=9, Lname=ahmed, year=1994, company=twitter, day=5, email=faaridahmed924@yahoo.com}]]>
              </value>
            </param>
          </params>
          <reporter-output>
          </reporter-output>
        </test-method> <!-- register -->
        <test-method signature="login(java.util.HashMap)[pri:2, instance:tests.T04_ChangePassword@ab7395e]" started-at="2024-05-03T18:05:25 EEST" name="login" data-provider="getData" finished-at="2024-05-03T18:05:26 EEST" duration-ms="1571" status="PASS">
          <params>
            <param index="0">
              <value>
                <![CDATA[{password=H!Uha2k84XByJA, fName=farid, month=9, Lname=ahmed, year=1994, company=twitter, day=5, email=faaridahmed924@yahoo.com}]]>
              </value>
            </param>
          </params>
          <reporter-output>
          </reporter-output>
        </test-method> <!-- login -->
        <test-method signature="changePass(java.util.HashMap)[pri:3, instance:tests.T04_ChangePassword@ab7395e]" started-at="2024-05-03T18:05:26 EEST" name="changePass" data-provider="getData" finished-at="2024-05-03T18:05:28 EEST" duration-ms="1638" status="PASS">
          <params>
            <param index="0">
              <value>
                <![CDATA[{password=H!Uha2k84XByJA, fName=farid, month=9, Lname=ahmed, year=1994, company=twitter, day=5, email=faaridahmed924@yahoo.com}]]>
              </value>
            </param>
          </params>
          <reporter-output>
          </reporter-output>
        </test-method> <!-- changePass -->
        <test-method is-config="true" signature="tearDown()[pri:0, instance:tests.T04_ChangePassword@ab7395e]" started-at="2024-05-03T18:05:28 EEST" name="tearDown" finished-at="2024-05-03T18:05:28 EEST" duration-ms="268" status="PASS">
          <reporter-output>
          </reporter-output>
        </test-method> <!-- tearDown -->
      </class> <!-- tests.T04_ChangePassword -->
      <class name="tests.T02_Login">
        <test-method is-config="true" signature="setUp()[pri:0, instance:tests.T02_Login@7331196b]" started-at="2024-05-03T18:05:04 EEST" name="setUp" finished-at="2024-05-03T18:05:09 EEST" duration-ms="4228" status="PASS">
          <reporter-output>
          </reporter-output>
        </test-method> <!-- setUp -->
        <test-method signature="register(java.util.HashMap)[pri:1, instance:tests.T02_Login@7331196b]" started-at="2024-05-03T18:05:09 EEST" name="register" data-provider="getData" finished-at="2024-05-03T18:05:12 EEST" duration-ms="3153" status="PASS">
          <params>
            <param index="0">
              <value>
                <![CDATA[{password=H!Uha2k84XByJA, fName=mohamed, month=6, Lname=ahmed, year=1990, company=google, day=1, email=mohamedahmed292@gmail.com}]]>
              </value>
            </param>
          </params>
          <reporter-output>
          </reporter-output>
        </test-method> <!-- register -->
        <test-method signature="testLogin(java.util.HashMap)[pri:2, instance:tests.T02_Login@7331196b]" started-at="2024-05-03T18:05:12 EEST" name="testLogin" data-provider="getData" finished-at="2024-05-03T18:05:13 EEST" duration-ms="1338" status="PASS">
          <params>
            <param index="0">
              <value>
                <![CDATA[{password=H!Uha2k84XByJA, fName=mohamed, month=6, Lname=ahmed, year=1990, company=google, day=1, email=mohamedahmed292@gmail.com}]]>
              </value>
            </param>
          </params>
          <reporter-output>
          </reporter-output>
        </test-method> <!-- testLogin -->
        <test-method is-config="true" signature="tearDown()[pri:0, instance:tests.T02_Login@7331196b]" started-at="2024-05-03T18:05:13 EEST" name="tearDown" finished-at="2024-05-03T18:05:13 EEST" duration-ms="100" status="PASS">
          <reporter-output>
          </reporter-output>
        </test-method> <!-- tearDown -->
      </class> <!-- tests.T02_Login -->
      <class name="tests.T01_Regirstration">
        <test-method is-config="true" signature="setUp()[pri:0, instance:tests.T01_Regirstration@524f3b3a]" started-at="2024-05-03T18:04:55 EEST" name="setUp" finished-at="2024-05-03T18:05:00 EEST" duration-ms="5043" status="PASS">
          <reporter-output>
          </reporter-output>
        </test-method> <!-- setUp -->
        <test-method signature="register(java.util.HashMap)[pri:0, instance:tests.T01_Regirstration@524f3b3a]" started-at="2024-05-03T18:05:01 EEST" name="register" data-provider="getData" finished-at="2024-05-03T18:05:04 EEST" duration-ms="3267" status="PASS">
          <params>
            <param index="0">
              <value>
                <![CDATA[{password=H!Uha2k84XByJA, fName=sara, month=11, Lname=ali, year=1991, company=microsoft, day=3, email=saarali269@yahoo.com}]]>
              </value>
            </param>
          </params>
          <reporter-output>
          </reporter-output>
        </test-method> <!-- register -->
        <test-method is-config="true" signature="tearDown()[pri:0, instance:tests.T01_Regirstration@524f3b3a]" started-at="2024-05-03T18:05:04 EEST" name="tearDown" finished-at="2024-05-03T18:05:04 EEST" duration-ms="212" status="PASS">
          <reporter-output>
          </reporter-output>
        </test-method> <!-- tearDown -->
      </class> <!-- tests.T01_Regirstration -->
    </test> <!-- Regression -->
  </suite> <!-- Suite -->
</testng-results>
