<?xml version="1.0" encoding="UTF-8"?>
<testng-results ignored="0" total="3" passed="3" failed="0" skipped="0">
  <reporter-output>
  </reporter-output>
  <suite started-at="2024-05-03T16:45:10 EEST" name="Default suite" finished-at="2024-05-03T16:45:17 EEST" duration-ms="6752">
    <groups>
    </groups>
    <test started-at="2024-05-03T16:45:10 EEST" name="Default test" finished-at="2024-05-03T16:45:17 EEST" duration-ms="6752">
      <class name="tests.T05_Cart">
        <test-method is-config="true" signature="setUp()[pri:0, instance:tests.T05_Cart@194fad1]" started-at="2024-05-03T16:45:10 EEST" name="setUp" finished-at="2024-05-03T16:45:14 EEST" duration-ms="3875" status="PASS">
          <reporter-output>
          </reporter-output>
        </test-method> <!-- setUp -->
        <test-method signature="searchByProdName()[pri:1, instance:tests.T05_Cart@194fad1]" started-at="2024-05-03T16:45:14 EEST" name="searchByProdName" finished-at="2024-05-03T16:45:15 EEST" duration-ms="1304" status="PASS">
          <reporter-output>
          </reporter-output>
        </test-method> <!-- searchByProdName -->
        <test-method signature="addProdToCart()[pri:2, instance:tests.T05_Cart@194fad1]" started-at="2024-05-03T16:45:15 EEST" name="addProdToCart" finished-at="2024-05-03T16:45:16 EEST" duration-ms="602" status="PASS">
          <reporter-output>
          </reporter-output>
        </test-method> <!-- addProdToCart -->
        <test-method signature="verifyProdAddedToCart()[pri:3, instance:tests.T05_Cart@194fad1]" started-at="2024-05-03T16:45:16 EEST" name="verifyProdAddedToCart" finished-at="2024-05-03T16:45:17 EEST" duration-ms="812" status="PASS">
          <reporter-output>
          </reporter-output>
        </test-method> <!-- verifyProdAddedToCart -->
        <test-method is-config="true" signature="tearDown()[pri:0, instance:tests.T05_Cart@194fad1]" started-at="2024-05-03T16:45:17 EEST" name="tearDown" finished-at="2024-05-03T16:45:17 EEST" duration-ms="101" status="PASS">
          <reporter-output>
          </reporter-output>
        </test-method> <!-- tearDown -->
      </class> <!-- tests.T05_Cart -->
    </test> <!-- Default test -->
  </suite> <!-- Default suite -->
</testng-results>
